{"level":"info","message":"New user registered","user_id":null,"user_name":null,"timestamp":"2020-03-24T14:49:52.326Z"}
{"level":"info","message":"password is incorrect.","user_id":null,"user_name":null,"timestamp":"2020-03-24T14:50:36.226Z"}
{"level":"info","message":"Logged in successfully.","user_id":null,"user_name":null,"timestamp":"2020-03-24T14:51:07.678Z"}
{"level":"info","message":"New user registered","user_id":null,"user_name":null,"timestamp":"2020-03-25T06:54:20.596Z"}
{"level":"info","message":"Logged in successfully.","user_id":null,"user_name":null,"timestamp":"2020-03-25T06:54:33.721Z"}
{"level":"info","message":"Logged in successfully.","user_id":null,"user_name":null,"timestamp":"2020-03-26T11:25:10.150Z"}
{"level":"info","message":"Logged in successfully.","user_id":null,"user_name":null,"timestamp":"2020-03-26T12:19:53.906Z"}
{"level":"info","message":"New user registered","user_id":null,"user_name":null,"timestamp":"2020-03-26T13:16:55.631Z"}
{"level":"info","message":"Logged in successfully.","user_id":null,"user_name":null,"timestamp":"2020-03-26T13:18:13.507Z"}
{"level":"info","message":"New user registered","user_id":null,"user_name":null,"timestamp":"2020-03-26T13:42:01.840Z"}
{"level":"info","message":"Logged in successfully.","user_id":null,"user_name":null,"timestamp":"2020-03-26T13:42:13.397Z"}
{"level":"info","message":"New user registered","user_id":null,"user_name":null,"timestamp":"2020-03-27T07:44:12.693Z"}
{"level":"info","message":"Logged in successfully.","user_id":null,"user_name":null,"timestamp":"2020-03-27T07:44:23.371Z"}
{"level":"info","message":"New user registered","user_id":null,"user_name":null,"timestamp":"2020-03-27T07:45:13.989Z"}
{"level":"info","message":"Logged in successfully.","user_id":null,"user_name":null,"timestamp":"2020-03-27T07:45:23.493Z"}
{"level":"info","message":"New user registered","user_id":null,"user_name":null,"timestamp":"2020-03-27T07:55:37.890Z"}
{"level":"info","message":"Logged in successfully.","user_id":null,"user_name":null,"timestamp":"2020-03-27T07:55:56.362Z"}
{"level":"info","message":"User not found.","user_id":null,"user_name":null,"timestamp":"2020-03-30T10:51:11.094Z"}
{"level":"info","message":"password is incorrect.","user_id":null,"user_name":null,"timestamp":"2020-03-30T10:52:14.556Z"}
{"level":"info","message":"Logged in successfully.","user_id":null,"user_name":null,"timestamp":"2020-03-30T10:52:19.922Z"}
{"level":"info","message":"User not found.","user_id":null,"user_name":null,"timestamp":"2020-03-31T10:53:38.570Z"}
{"level":"info","message":"User not found.","user_id":null,"user_name":null,"timestamp":"2020-03-31T10:53:47.377Z"}
{"level":"info","message":"password is incorrect.","user_id":null,"user_name":null,"timestamp":"2020-03-31T10:53:58.908Z"}
{"level":"info","message":"Logged in successfully.","user_id":null,"user_name":null,"timestamp":"2020-03-31T10:54:03.036Z"}
{"level":"info","message":"password is incorrect.","user_id":null,"user_name":null,"timestamp":"2020-03-31T14:57:35.587Z"}
{"level":"info","message":"Logged in successfully.","user_id":null,"user_name":null,"timestamp":"2020-03-31T14:57:39.030Z"}
{"level":"info","message":"password is incorrect.","user_id":null,"user_name":null,"timestamp":"2020-04-01T08:13:14.673Z"}
{"level":"info","message":"password is incorrect.","user_id":null,"user_name":null,"timestamp":"2020-04-01T08:13:17.900Z"}
{"level":"info","message":"password is incorrect.","user_id":null,"user_name":null,"timestamp":"2020-04-01T08:13:24.510Z"}
{"level":"info","message":"Logged in successfully.","user_id":null,"user_name":null,"timestamp":"2020-04-01T08:13:28.040Z"}
{"level":"info","message":"User not found.","user_id":null,"user_name":null,"timestamp":"2020-04-01T08:16:59.853Z"}
{"level":"info","message":"password is incorrect.","user_id":null,"user_name":null,"timestamp":"2020-04-01T08:17:15.080Z"}
{"level":"info","message":"Logged in successfully.","user_id":null,"user_name":null,"timestamp":"2020-04-01T08:17:19.282Z"}
{"level":"info","message":"Logged in successfully.","user_id":null,"user_name":null,"timestamp":"2020-04-01T08:22:51.024Z"}
{"level":"info","message":"Logged in successfully.","user_id":null,"user_name":null,"timestamp":"2020-04-02T08:19:09.913Z"}
{"level":"info","message":"password is incorrect.","user_id":null,"user_name":null,"timestamp":"2020-04-03T06:38:41.242Z"}
{"level":"info","message":"Logged in successfully.","user_id":null,"user_name":null,"timestamp":"2020-04-03T06:38:44.680Z"}
{"level":"info","message":"New user registered","user_id":null,"user_name":null,"timestamp":"2020-04-03T08:09:53.072Z"}
{"level":"info","message":"Logged in successfully.","user_id":null,"user_name":null,"timestamp":"2020-04-03T08:10:07.712Z"}
{"level":"info","message":"Logged in successfully.","user_id":null,"user_name":null,"timestamp":"2020-04-03T08:16:48.958Z"}
{"level":"info","message":"Logged in successfully.","user_id":null,"user_name":null,"timestamp":"2020-04-03T08:26:33.178Z"}
{"level":"info","message":"Logged in successfully.","user_id":null,"user_name":null,"timestamp":"2020-04-03T10:45:21.918Z"}
{"level":"info","message":"Logged in successfully.","user_id":null,"user_name":null,"timestamp":"2020-04-03T14:39:01.244Z"}
{"level":"info","message":"Logged in successfully.","user_id":null,"user_name":null,"timestamp":"2020-04-04T12:32:46.210Z"}
{"level":"info","message":"New user registered","user_id":null,"user_name":null,"timestamp":"2020-04-04T15:06:49.058Z"}
{"level":"info","message":" email already exists.","user_id":null,"user_name":null,"timestamp":"2020-04-04T15:06:49.176Z"}
{"level":"info","message":"Logged in successfully.","user_id":null,"user_name":null,"timestamp":"2020-04-04T15:07:02.676Z"}
{"level":"info","message":"New user registered","user_id":null,"user_name":null,"timestamp":"2020-04-04T15:26:23.540Z"}
{"level":"info","message":"Logged in successfully.","user_id":null,"user_name":null,"timestamp":"2020-04-04T15:26:34.578Z"}
{"level":"info","message":"New user registered","user_id":null,"user_name":null,"timestamp":"2020-04-04T15:29:51.958Z"}
{"level":"info","message":"password is incorrect.","user_id":null,"user_name":null,"timestamp":"2020-04-04T15:30:24.712Z"}
{"level":"info","message":"Logged in successfully.","user_id":null,"user_name":null,"timestamp":"2020-04-04T15:30:29.812Z"}
{"level":"info","message":"password is incorrect.","user_id":null,"user_name":null,"timestamp":"2020-04-05T05:56:35.074Z"}
{"level":"info","message":"password is incorrect.","user_id":null,"user_name":null,"timestamp":"2020-04-05T05:57:16.798Z"}
{"level":"info","message":"Logged in successfully.","user_id":null,"user_name":null,"timestamp":"2020-04-05T05:57:19.311Z"}
{"level":"info","message":"User updated successfully.","user_id":"5e7db1792259230210928e94","user_name":null,"timestamp":"2020-04-05T07:17:21.128Z"}
{"level":"info","message":"password is incorrect.","user_id":null,"user_name":null,"timestamp":"2020-04-05T07:26:36.752Z"}
{"level":"info","message":"Logged in successfully.","user_id":null,"user_name":null,"timestamp":"2020-04-05T07:26:48.610Z"}
{"level":"info","message":"Logged in successfully.","user_id":null,"user_name":null,"timestamp":"2020-04-05T07:27:42.909Z"}
{"level":"info","message":"password is incorrect.","user_id":null,"user_name":null,"timestamp":"2020-04-05T07:28:49.530Z"}
{"level":"info","message":"Logged in successfully.","user_id":null,"user_name":null,"timestamp":"2020-04-05T07:28:52.229Z"}
{"level":"info","message":"Logged in successfully.","user_id":null,"user_name":null,"timestamp":"2020-04-05T07:40:09.460Z"}
{"level":"info","message":"Logged in successfully.","user_id":null,"user_name":null,"timestamp":"2020-04-05T07:42:03.986Z"}
{"level":"info","message":"Logged in successfully.","user_id":null,"user_name":null,"timestamp":"2020-04-05T07:43:01.487Z"}
{"level":"info","message":"Logged in successfully.","user_id":null,"user_name":null,"timestamp":"2020-04-05T07:46:05.796Z"}
{"level":"info","message":"User updated successfully.","user_id":"5e88a71f06cd510fe86f3b32","user_name":null,"timestamp":"2020-04-05T07:46:39.416Z"}
{"level":"info","message":"User updated successfully.","user_id":"5e7db1792259230210928e94","user_name":null,"timestamp":"2020-04-06T05:22:48.851Z"}
{"level":"info","message":"password is incorrect.","user_id":null,"user_name":null,"timestamp":"2020-04-06T05:23:14.943Z"}
{"level":"info","message":"Logged in successfully.","user_id":null,"user_name":null,"timestamp":"2020-04-06T05:23:37.122Z"}
{"level":"info","message":"User updated successfully.","user_id":"5e7db1792259230210928e94","user_name":null,"timestamp":"2020-04-06T05:24:48.156Z"}
{"level":"info","message":"Logged in successfully.","user_id":null,"user_name":null,"timestamp":"2020-04-06T13:13:19.762Z"}
{"level":"info","message":"password is incorrect.","user_id":null,"user_name":null,"timestamp":"2020-04-07T06:21:24.147Z"}
{"level":"info","message":"Logged in successfully.","user_id":null,"user_name":null,"timestamp":"2020-04-07T06:21:29.022Z"}
{"level":"info","message":"Logged in successfully.","user_id":null,"user_name":null,"timestamp":"2020-04-08T11:07:35.608Z"}
{"level":"info","message":"password is incorrect.","user_id":null,"user_name":null,"timestamp":"2020-04-08T11:59:40.161Z"}
{"level":"info","message":"Logged in successfully.","user_id":null,"user_name":null,"timestamp":"2020-04-08T11:59:43.491Z"}
{"level":"info","message":"Logged in successfully.","user_id":null,"user_name":null,"timestamp":"2020-04-09T12:21:27.714Z"}
{"level":"info","message":"Logged in successfully.","user_id":null,"user_name":null,"timestamp":"2020-04-10T12:25:22.378Z"}
{"level":"info","message":"Logged in successfully.","user_id":null,"user_name":null,"timestamp":"2020-04-13T05:15:59.339Z"}
{"level":"info","message":"User not found.","user_id":null,"user_name":null,"timestamp":"2020-04-14T06:19:02.953Z"}
{"level":"info","message":"password is incorrect.","user_id":null,"user_name":null,"timestamp":"2020-04-14T06:19:18.137Z"}
{"level":"info","message":"password is incorrect.","user_id":null,"user_name":null,"timestamp":"2020-04-14T06:19:25.336Z"}
{"level":"info","message":"Logged in successfully.","user_id":null,"user_name":null,"timestamp":"2020-04-14T06:19:32.140Z"}
{"level":"info","message":"User updated successfully.","user_id":"5e7db1792259230210928e94","user_name":null,"timestamp":"2020-04-14T12:14:02.411Z"}
{"level":"info","message":"Logged in successfully.","user_id":null,"user_name":null,"timestamp":"2020-04-14T12:14:18.493Z"}
{"level":"info","message":"User updated successfully.","user_id":"5e7db1792259230210928e94","user_name":null,"timestamp":"2020-04-14T13:50:22.987Z"}
{"level":"info","message":"Logged in successfully.","user_id":null,"user_name":null,"timestamp":"2020-04-14T13:57:50.270Z"}
{"level":"info","message":"Logged in successfully.","user_id":null,"user_name":null,"timestamp":"2020-04-15T14:16:47.380Z"}
{"level":"info","message":"User updated successfully.","user_id":"5e7db1792259230210928e94","user_name":null,"timestamp":"2020-04-16T08:03:01.093Z"}
{"level":"info","message":"Logged in successfully.","user_id":null,"user_name":null,"timestamp":"2020-04-16T08:03:28.981Z"}
{"level":"info","message":"User updated successfully.","user_id":"5e86ef50b9adc72a145bbe5d","user_name":null,"timestamp":"2020-04-16T11:01:54.420Z"}
{"level":"info","message":"Logged in successfully.","user_id":null,"user_name":null,"timestamp":"2020-04-16T11:02:18.748Z"}
{"level":"info","message":"User updated successfully.","user_id":"5e7db1792259230210928e94","user_name":null,"timestamp":"2020-04-16T12:42:43.431Z"}
{"level":"info","message":"Logged in successfully.","user_id":null,"user_name":null,"timestamp":"2020-04-16T12:43:13.478Z"}
{"level":"info","message":"User updated successfully.","user_id":"5e7daf092259230210928e93","user_name":null,"timestamp":"2020-04-16T12:43:44.965Z"}
{"level":"info","message":"Logged in successfully.","user_id":null,"user_name":null,"timestamp":"2020-04-16T12:44:00.345Z"}
{"level":"info","message":"User updated successfully.","user_id":"5e88a71f06cd510fe86f3b32","user_name":null,"timestamp":"2020-04-16T12:44:53.667Z"}
{"level":"info","message":"Logged in successfully.","user_id":null,"user_name":null,"timestamp":"2020-04-16T12:45:34.971Z"}
{"level":"info","message":"Logged in successfully.","user_id":null,"user_name":null,"timestamp":"2020-04-16T13:54:56.434Z"}
{"level":"info","message":"User updated successfully.","user_id":"5e7db1792259230210928e94","user_name":null,"timestamp":"2020-04-16T14:10:13.153Z"}
{"level":"info","message":"Logged in successfully.","user_id":null,"user_name":null,"timestamp":"2020-04-16T14:10:37.511Z"}
{"level":"info","message":"Logged in successfully.","user_id":null,"user_name":null,"timestamp":"2020-04-17T07:01:13.949Z"}
{"level":"info","message":"User updated successfully.","user_id":"5e7db1792259230210928e94","user_name":null,"timestamp":"2020-04-17T09:18:11.916Z"}
{"level":"info","message":"New user registered","user_id":null,"user_name":null,"timestamp":"2020-04-17T09:18:45.877Z"}
{"level":"info","message":" email already exists.","user_id":null,"user_name":null,"timestamp":"2020-04-17T09:33:54.876Z"}
{"level":"info","message":"New user registered","user_id":null,"user_name":null,"timestamp":"2020-04-17T09:34:12.305Z"}
{"level":"info","message":"Logged in successfully.","user_id":null,"user_name":null,"timestamp":"2020-04-17T09:34:40.451Z"}
{"level":"info","message":"Logged in successfully.","user_id":null,"user_name":null,"timestamp":"2020-04-17T09:35:13.447Z"}
{"level":"info","message":"Logged in successfully.","user_id":null,"user_name":null,"timestamp":"2020-04-20T04:41:41.748Z"}
{"level":"info","message":"password is incorrect.","user_id":null,"user_name":null,"timestamp":"2020-04-21T08:37:30.266Z"}
{"level":"info","message":"Logged in successfully.","user_id":null,"user_name":null,"timestamp":"2020-04-21T08:37:41.541Z"}
{"level":"info","message":"Logged in successfully.","user_id":null,"user_name":null,"timestamp":"2020-04-22T08:45:57.622Z"}
{"level":"info","message":"User updated successfully.","user_id":"5e7db1792259230210928e94","user_name":null,"timestamp":"2020-04-22T09:14:16.819Z"}
{"level":"info","message":"Logged in successfully.","user_id":null,"user_name":null,"timestamp":"2020-04-22T09:14:48.506Z"}
{"level":"info","message":"User updated successfully.","user_id":"5e88a71f06cd510fe86f3b32","user_name":null,"timestamp":"2020-04-22T09:16:19.138Z"}
{"level":"info","message":"Logged in successfully.","user_id":null,"user_name":null,"timestamp":"2020-04-22T09:16:30.968Z"}
{"level":"info","message":"User updated successfully.","user_id":"5e7db1792259230210928e94","user_name":null,"timestamp":"2020-04-22T10:55:03.564Z"}
{"level":"info","message":"Logged in successfully.","user_id":null,"user_name":null,"timestamp":"2020-04-22T10:55:42.642Z"}
{"level":"info","message":"User updated successfully.","user_id":"5e88a71f06cd510fe86f3b32","user_name":null,"timestamp":"2020-04-22T10:56:29.131Z"}
{"level":"info","message":"Logged in successfully.","user_id":null,"user_name":null,"timestamp":"2020-04-22T10:56:39.760Z"}
{"level":"info","message":"User updated successfully.","user_id":"5e7db1792259230210928e94","user_name":null,"timestamp":"2020-04-23T05:55:58.361Z"}
{"level":"info","message":"Logged in successfully.","user_id":null,"user_name":null,"timestamp":"2020-04-23T05:56:10.601Z"}
{"level":"info","message":"User updated successfully.","user_id":"5e7daf092259230210928e93","user_name":null,"timestamp":"2020-04-23T05:59:24.316Z"}
{"level":"info","message":"Logged in successfully.","user_id":null,"user_name":null,"timestamp":"2020-04-23T05:59:35.398Z"}
{"level":"info","message":"User updated successfully.","user_id":"5e7db1792259230210928e94","user_name":null,"timestamp":"2020-04-24T05:56:43.485Z"}
{"level":"info","message":"User updated successfully.","user_id":"5e7db1792259230210928e94","user_name":null,"timestamp":"2020-04-24T05:56:51.048Z"}
{"level":"info","message":"Logged in successfully.","user_id":null,"user_name":null,"timestamp":"2020-04-24T05:59:48.420Z"}
{"level":"info","message":"User updated successfully.","user_id":"5e7db1792259230210928e94","user_name":null,"timestamp":"2020-04-24T08:11:31.337Z"}
{"level":"info","message":"Logged in successfully.","user_id":null,"user_name":null,"timestamp":"2020-04-24T08:12:06.085Z"}
{"level":"info","message":"User updated successfully.","user_id":"5e7db1792259230210928e94","user_name":null,"timestamp":"2020-04-24T11:47:12.333Z"}
{"level":"info","message":"Logged in successfully.","user_id":null,"user_name":null,"timestamp":"2020-04-24T12:26:23.785Z"}
{"level":"info","message":"password is incorrect.","user_id":null,"user_name":null,"timestamp":"2020-04-27T04:14:52.692Z"}
{"level":"info","message":"Logged in successfully.","user_id":null,"user_name":null,"timestamp":"2020-04-27T04:15:01.207Z"}
{"level":"info","message":"User updated successfully.","user_id":"5e7db1792259230210928e94","user_name":null,"timestamp":"2020-04-27T13:10:52.225Z"}
{"level":"info","message":"Logged in successfully.","user_id":null,"user_name":null,"timestamp":"2020-04-27T13:11:17.005Z"}
{"level":"info","message":"User updated successfully.","user_id":"5e88a71f06cd510fe86f3b32","user_name":null,"timestamp":"2020-04-27T13:12:00.030Z"}
{"level":"info","message":"Logged in successfully.","user_id":null,"user_name":null,"timestamp":"2020-04-27T13:12:13.678Z"}
{"level":"info","message":"User updated successfully.","user_id":"5e7db1792259230210928e94","user_name":null,"timestamp":"2020-04-28T10:21:42.570Z"}
{"level":"info","message":"New user registered","user_id":null,"user_name":null,"timestamp":"2020-04-28T10:28:14.216Z"}
{"level":"info","message":"Logged in successfully.","user_id":null,"user_name":null,"timestamp":"2020-04-28T10:28:27.740Z"}
{"level":"info","message":"User updated successfully.","user_id":"5ea8053dc3d0d3293476f809","user_name":null,"timestamp":"2020-04-28T11:34:14.703Z"}
{"level":"info","message":"Logged in successfully.","user_id":null,"user_name":null,"timestamp":"2020-04-28T12:00:39.521Z"}
{"level":"info","message":"User updated successfully.","user_id":"5e7db1792259230210928e94","user_name":null,"timestamp":"2020-04-28T12:05:10.389Z"}
{"level":"info","message":"Logged in successfully.","user_id":null,"user_name":null,"timestamp":"2020-04-28T12:05:46.050Z"}
{"level":"info","message":"User updated successfully.","user_id":"5e7db1792259230210928e94","user_name":null,"timestamp":"2020-04-28T12:06:37.143Z"}
{"level":"info","message":"Logged in successfully.","user_id":null,"user_name":null,"timestamp":"2020-04-28T12:07:19.199Z"}
{"level":"info","message":"Logged in successfully.","user_id":null,"user_name":null,"timestamp":"2020-04-28T12:12:46.535Z"}
{"level":"info","message":"Logged in successfully.","user_id":null,"user_name":null,"timestamp":"2020-04-28T12:14:59.996Z"}
{"level":"info","message":"User updated successfully.","user_id":"5e7db1792259230210928e94","user_name":null,"timestamp":"2020-04-28T12:28:40.612Z"}
{"level":"info","message":"Logged in successfully.","user_id":null,"user_name":null,"timestamp":"2020-04-28T12:29:06.422Z"}
{"level":"info","message":"User updated successfully.","user_id":"5e7db1792259230210928e94","user_name":null,"timestamp":"2020-04-28T13:19:39.119Z"}
{"level":"info","message":"Logged in successfully.","user_id":null,"user_name":null,"timestamp":"2020-04-28T13:26:27.744Z"}
{"level":"info","message":"User updated successfully.","user_id":"5e7db1792259230210928e94","user_name":null,"timestamp":"2020-04-28T13:26:36.467Z"}
{"level":"info","message":"password is incorrect.","user_id":null,"user_name":null,"timestamp":"2020-04-28T13:26:46.882Z"}
{"level":"info","message":"password is incorrect.","user_id":null,"user_name":null,"timestamp":"2020-04-28T13:27:55.445Z"}
{"level":"info","message":"password is incorrect.","user_id":null,"user_name":null,"timestamp":"2020-04-28T13:28:48.072Z"}
{"level":"info","message":"Logged in successfully.","user_id":null,"user_name":null,"timestamp":"2020-04-28T13:28:53.522Z"}
{"level":"info","message":"User updated successfully.","user_id":"5e7db1792259230210928e94","user_name":null,"timestamp":"2020-04-28T13:31:24.399Z"}
{"level":"info","message":"New user registered","user_id":null,"user_name":null,"timestamp":"2020-04-28T13:33:49.745Z"}
{"level":"info","message":"Logged in successfully.","user_id":null,"user_name":null,"timestamp":"2020-04-28T13:41:18.816Z"}
{"level":"info","message":"User updated successfully.","user_id":"5e7db1792259230210928e94","user_name":null,"timestamp":"2020-04-28T13:43:09.340Z"}
{"level":"info","message":"Logged in successfully.","user_id":null,"user_name":null,"timestamp":"2020-04-28T13:43:44.395Z"}
{"level":"info","message":"User updated successfully.","user_id":"5e7db1792259230210928e94","user_name":null,"timestamp":"2020-04-29T03:42:01.256Z"}
{"level":"info","message":"Logged in successfully.","user_id":null,"user_name":null,"timestamp":"2020-04-29T03:42:19.927Z"}
{"level":"info","message":"User updated successfully.","user_id":"5e88a71f06cd510fe86f3b32","user_name":null,"timestamp":"2020-04-29T04:32:35.330Z"}
{"level":"info","message":"Logged in successfully.","user_id":null,"user_name":null,"timestamp":"2020-04-29T04:32:47.494Z"}
{"level":"info","message":"User updated successfully.","user_id":"5e7db1792259230210928e94","user_name":null,"timestamp":"2020-04-29T10:20:04.471Z"}
{"level":"info","message":"Logged in successfully.","user_id":null,"user_name":null,"timestamp":"2020-04-29T10:20:30.506Z"}
{"level":"info","message":"User updated successfully.","user_id":"5e7db1792259230210928e94","user_name":null,"timestamp":"2020-04-29T11:06:41.131Z"}
{"level":"info","message":"password is incorrect.","user_id":null,"user_name":null,"timestamp":"2020-04-29T11:06:54.330Z"}
{"level":"info","message":"Logged in successfully.","user_id":null,"user_name":null,"timestamp":"2020-04-29T11:06:56.932Z"}
{"level":"info","message":"User updated successfully.","user_id":"5e88a28806cd510fe86f3b30","user_name":null,"timestamp":"2020-04-29T11:08:52.839Z"}
{"level":"info","message":"password is incorrect.","user_id":null,"user_name":null,"timestamp":"2020-04-29T11:09:11.918Z"}
{"level":"info","message":"Logged in successfully.","user_id":null,"user_name":null,"timestamp":"2020-04-29T11:09:13.560Z"}
{"level":"info","message":"User updated successfully.","user_id":"5e88a7ef06cd510fe86f3b33","user_name":null,"timestamp":"2020-04-29T11:36:09.017Z"}
{"level":"info","message":"Logged in successfully.","user_id":null,"user_name":null,"timestamp":"2020-04-29T11:36:27.722Z"}
{"level":"info","message":"User updated successfully.","user_id":"5e7db1792259230210928e94","user_name":null,"timestamp":"2020-04-30T04:21:38.222Z"}
{"level":"info","message":"password is incorrect.","user_id":null,"user_name":null,"timestamp":"2020-04-30T04:21:56.130Z"}
{"level":"info","message":"password is incorrect.","user_id":null,"user_name":null,"timestamp":"2020-04-30T04:22:00.962Z"}
{"level":"info","message":"Logged in successfully.","user_id":null,"user_name":null,"timestamp":"2020-04-30T04:22:03.422Z"}
{"level":"info","message":"User updated successfully.","user_id":"5e7daf092259230210928e93","user_name":null,"timestamp":"2020-04-30T04:25:46.788Z"}
{"level":"info","message":"Logged in successfully.","user_id":null,"user_name":null,"timestamp":"2020-04-30T04:26:00.827Z"}
{"level":"info","message":"User updated successfully.","user_id":"5e7db1792259230210928e94","user_name":null,"timestamp":"2020-04-30T05:02:31.457Z"}
{"level":"info","message":"password is incorrect.","user_id":null,"user_name":null,"timestamp":"2020-04-30T05:03:05.000Z"}
{"level":"info","message":"Logged in successfully.","user_id":null,"user_name":null,"timestamp":"2020-04-30T05:03:15.007Z"}
{"level":"info","message":"User updated successfully.","user_id":"5e88a71f06cd510fe86f3b32","user_name":null,"timestamp":"2020-04-30T05:05:30.642Z"}
{"level":"info","message":"Logged in successfully.","user_id":null,"user_name":null,"timestamp":"2020-04-30T05:05:45.608Z"}
{"level":"info","message":"User updated successfully.","user_id":"5e7daf092259230210928e93","user_name":null,"timestamp":"2020-04-30T05:06:54.146Z"}
{"level":"info","message":"password is incorrect.","user_id":null,"user_name":null,"timestamp":"2020-04-30T05:07:07.138Z"}
{"level":"info","message":"Logged in successfully.","user_id":null,"user_name":null,"timestamp":"2020-04-30T05:07:08.950Z"}
{"level":"info","message":"User updated successfully.","user_id":"5e88a7ef06cd510fe86f3b33","user_name":null,"timestamp":"2020-04-30T05:07:22.686Z"}
{"level":"info","message":"Logged in successfully.","user_id":null,"user_name":null,"timestamp":"2020-04-30T05:07:33.657Z"}
{"level":"info","message":"User updated successfully.","user_id":"5e7db1792259230210928e94","user_name":null,"timestamp":"2020-04-30T09:38:04.594Z"}
{"level":"info","message":"Logged in successfully.","user_id":null,"user_name":null,"timestamp":"2020-04-30T09:38:30.791Z"}
{"level":"info","message":"User updated successfully.","user_id":"5e88a71f06cd510fe86f3b32","user_name":null,"timestamp":"2020-04-30T09:39:24.239Z"}
{"level":"info","message":"password is incorrect.","user_id":null,"user_name":null,"timestamp":"2020-04-30T09:39:42.297Z"}
{"level":"info","message":"Logged in successfully.","user_id":null,"user_name":null,"timestamp":"2020-04-30T09:39:45.312Z"}
{"level":"info","message":"User updated successfully.","user_id":"5e7daf092259230210928e93","user_name":null,"timestamp":"2020-04-30T09:40:15.174Z"}
{"level":"info","message":"Logged in successfully.","user_id":null,"user_name":null,"timestamp":"2020-04-30T09:46:59.672Z"}
{"level":"info","message":"User updated successfully.","user_id":"5e7db1792259230210928e94","user_name":null,"timestamp":"2020-05-01T05:06:08.997Z"}
{"level":"info","message":"Logged in successfully.","user_id":null,"user_name":null,"timestamp":"2020-05-01T05:06:32.285Z"}
{"level":"info","message":"User updated successfully.","user_id":"5e88a71f06cd510fe86f3b32","user_name":null,"timestamp":"2020-05-01T05:10:03.416Z"}
{"level":"info","message":"Logged in successfully.","user_id":null,"user_name":null,"timestamp":"2020-05-01T05:11:47.948Z"}
{"level":"info","message":"User updated successfully.","user_id":"5e7daf092259230210928e93","user_name":null,"timestamp":"2020-05-01T05:12:22.146Z"}
{"level":"info","message":"password is incorrect.","user_id":null,"user_name":null,"timestamp":"2020-05-01T05:12:34.328Z"}
{"level":"info","message":"Logged in successfully.","user_id":null,"user_name":null,"timestamp":"2020-05-01T05:12:37.353Z"}
{"level":"info","message":"User updated successfully.","user_id":"5e88a7ef06cd510fe86f3b33","user_name":null,"timestamp":"2020-05-01T05:13:17.918Z"}
{"level":"info","message":"User not found.","user_id":null,"user_name":null,"timestamp":"2020-05-01T05:18:45.878Z"}
{"level":"info","message":"User not found.","user_id":null,"user_name":null,"timestamp":"2020-05-01T05:18:54.513Z"}
{"level":"info","message":"Logged in successfully.","user_id":null,"user_name":null,"timestamp":"2020-05-01T05:19:28.501Z"}
{"level":"info","message":"User updated successfully.","user_id":"5e86ef50b9adc72a145bbe5d","user_name":null,"timestamp":"2020-05-01T05:27:00.631Z"}
{"level":"info","message":"Logged in successfully.","user_id":null,"user_name":null,"timestamp":"2020-05-01T05:27:10.870Z"}
{"level":"info","message":"User updated successfully.","user_id":"5e7db1792259230210928e94","user_name":null,"timestamp":"2020-05-01T09:23:58.885Z"}
{"level":"info","message":"Logged in successfully.","user_id":null,"user_name":null,"timestamp":"2020-05-01T09:29:52.889Z"}
{"level":"info","message":"User updated successfully.","user_id":"5e88a71f06cd510fe86f3b32","user_name":null,"timestamp":"2020-05-01T09:31:55.441Z"}
{"level":"info","message":"Logged in successfully.","user_id":null,"user_name":null,"timestamp":"2020-05-01T09:32:08.095Z"}
{"level":"info","message":"User updated successfully.","user_id":"5e7daf092259230210928e93","user_name":null,"timestamp":"2020-05-01T09:32:32.178Z"}
{"level":"info","message":"Logged in successfully.","user_id":null,"user_name":null,"timestamp":"2020-05-01T09:32:44.999Z"}
{"level":"info","message":"User updated successfully.","user_id":"5e86ef50b9adc72a145bbe5d","user_name":null,"timestamp":"2020-05-01T09:33:22.257Z"}
{"level":"info","message":"Logged in successfully.","user_id":null,"user_name":null,"timestamp":"2020-05-01T09:33:33.079Z"}
{"level":"info","message":"Logged in successfully.","user_id":null,"user_name":null,"timestamp":"2020-05-02T09:23:22.437Z"}
{"level":"info","message":"Logged in successfully.","user_id":null,"user_name":null,"timestamp":"2020-05-02T09:37:52.259Z"}
{"level":"info","message":"Logged in successfully.","user_id":null,"user_name":null,"timestamp":"2020-05-02T10:36:08.574Z"}
{"level":"info","message":"User updated successfully.","user_id":"5e7daf092259230210928e93","user_name":null,"timestamp":"2020-05-02T10:36:54.554Z"}
{"level":"info","message":"Logged in successfully.","user_id":null,"user_name":null,"timestamp":"2020-05-04T05:44:51.045Z"}
{"level":"info","message":"User updated successfully.","user_id":"5e7db1792259230210928e94","user_name":null,"timestamp":"2020-05-04T08:45:55.993Z"}
{"level":"info","message":"Logged in successfully.","user_id":null,"user_name":null,"timestamp":"2020-05-04T08:46:15.636Z"}
{"level":"info","message":"Logged in successfully.","user_id":null,"user_name":null,"timestamp":"2020-05-04T09:11:27.727Z"}
{"level":"info","message":"Logged in successfully.","user_id":null,"user_name":null,"timestamp":"2020-05-04T11:28:17.574Z"}
{"level":"info","message":"User updated successfully.","user_id":"5e7daf092259230210928e93","user_name":null,"timestamp":"2020-05-04T12:40:46.697Z"}
{"level":"info","message":"Logged in successfully.","user_id":null,"user_name":null,"timestamp":"2020-05-04T12:41:17.500Z"}
{"level":"info","message":"User updated successfully.","user_id":"5e7db1792259230210928e94","user_name":null,"timestamp":"2020-05-05T05:40:23.688Z"}
{"level":"info","message":"Logged in successfully.","user_id":null,"user_name":null,"timestamp":"2020-05-05T05:40:49.494Z"}
{"level":"info","message":"Logged in successfully.","user_id":null,"user_name":null,"timestamp":"2020-05-05T06:11:48.994Z"}
{"level":"info","message":"Logged in successfully.","user_id":null,"user_name":null,"timestamp":"2020-05-06T04:43:28.035Z"}
{"level":"info","message":"Logged in successfully.","user_id":null,"user_name":null,"timestamp":"2020-05-06T05:55:53.363Z"}
{"level":"info","message":"Logged in successfully.","user_id":null,"user_name":null,"timestamp":"2020-05-06T05:59:05.092Z"}
{"level":"info","message":"Logged in successfully.","user_id":null,"user_name":null,"timestamp":"2020-05-07T06:02:05.252Z"}
{"level":"info","message":"Logged in successfully.","user_id":null,"user_name":null,"timestamp":"2020-05-07T07:59:07.183Z"}
{"level":"info","message":"Logged in successfully.","user_id":null,"user_name":null,"timestamp":"2020-05-07T09:28:41.835Z"}
{"level":"info","message":"Logged in successfully.","user_id":null,"user_name":null,"timestamp":"2020-05-08T06:03:14.214Z"}
{"level":"info","message":" email already exists.","user_id":null,"user_name":null,"timestamp":"2020-05-08T07:20:44.323Z"}
{"level":"info","message":"User updated successfully.","user_id":"5e7db1792259230210928e94","user_name":null,"timestamp":"2020-05-08T07:21:53.023Z"}
{"level":"info","message":"password is incorrect.","user_id":null,"user_name":null,"timestamp":"2020-05-08T07:22:23.246Z"}
{"level":"info","message":"New user registered","user_id":null,"user_name":null,"timestamp":"2020-05-08T07:22:46.161Z"}
{"level":"info","message":"Logged in successfully.","user_id":null,"user_name":null,"timestamp":"2020-05-08T07:22:53.854Z"}
{"level":"info","message":"Logged in successfully.","user_id":null,"user_name":null,"timestamp":"2020-05-08T07:24:26.922Z"}
{"level":"info","message":"User updated successfully.","user_id":"5e7db1792259230210928e94","user_name":null,"timestamp":"2020-05-08T07:42:10.214Z"}
{"level":"info","message":"Logged in successfully.","user_id":null,"user_name":null,"timestamp":"2020-05-08T07:42:43.839Z"}
{"level":"info","message":"User updated successfully.","user_id":"5e88a71f06cd510fe86f3b32","user_name":null,"timestamp":"2020-05-08T07:43:23.424Z"}
{"level":"info","message":"Logged in successfully.","user_id":null,"user_name":null,"timestamp":"2020-05-08T07:43:35.494Z"}
{"level":"info","message":"User updated successfully.","user_id":"5e7daf092259230210928e93","user_name":null,"timestamp":"2020-05-08T07:46:04.301Z"}
{"level":"info","message":"password is incorrect.","user_id":null,"user_name":null,"timestamp":"2020-05-08T07:46:18.435Z"}
{"level":"info","message":"Logged in successfully.","user_id":null,"user_name":null,"timestamp":"2020-05-08T07:46:21.538Z"}
{"level":"info","message":"User updated successfully.","user_id":"5e88a7ef06cd510fe86f3b33","user_name":null,"timestamp":"2020-05-08T08:18:12.982Z"}
{"level":"info","message":"Logged in successfully.","user_id":null,"user_name":null,"timestamp":"2020-05-08T08:18:23.656Z"}
{"level":"info","message":"Logged in successfully.","user_id":null,"user_name":null,"timestamp":"2020-05-11T06:14:55.035Z"}
{"level":"info","message":"Logged in successfully.","user_id":null,"user_name":null,"timestamp":"2020-05-11T07:47:34.783Z"}
{"level":"info","message":"Logged in successfully.","user_id":null,"user_name":null,"timestamp":"2020-05-11T07:53:01.655Z"}
{"level":"info","message":"User updated successfully.","user_id":"5e7db1792259230210928e94","user_name":null,"timestamp":"2020-05-11T07:59:03.217Z"}
{"level":"info","message":"Logged in successfully.","user_id":null,"user_name":null,"timestamp":"2020-05-11T07:59:14.928Z"}
{"level":"info","message":"User updated successfully.","user_id":"5e7daf092259230210928e93","user_name":null,"timestamp":"2020-05-11T07:59:58.618Z"}
{"level":"info","message":"Logged in successfully.","user_id":null,"user_name":null,"timestamp":"2020-05-11T08:00:25.008Z"}
{"level":"info","message":"Logged in successfully.","user_id":null,"user_name":null,"timestamp":"2020-05-11T11:05:43.020Z"}
{"level":"info","message":"User updated successfully.","user_id":"5e7db1792259230210928e94","user_name":null,"timestamp":"2020-05-11T11:05:48.221Z"}
{"level":"info","message":"Sorry! your account is freezed.","user_id":null,"user_name":null,"timestamp":"2020-05-11T11:06:15.977Z"}
{"level":"info","message":"Logged in successfully.","user_id":null,"user_name":null,"timestamp":"2020-05-11T11:06:39.099Z"}
{"level":"info","message":"User updated successfully.","user_id":"5e7db1792259230210928e94","user_name":null,"timestamp":"2020-05-11T11:06:43.705Z"}
{"level":"info","message":"Logged in successfully.","user_id":null,"user_name":null,"timestamp":"2020-05-11T11:25:52.578Z"}
{"level":"info","message":"Logged in successfully.","user_id":null,"user_name":null,"timestamp":"2020-05-12T04:13:33.257Z"}
{"level":"info","message":"Logged in successfully.","user_id":null,"user_name":null,"timestamp":"2020-05-12T11:06:06.650Z"}
{"level":"info","message":"User updated successfully.","user_id":"5e7db1792259230210928e94","user_name":null,"timestamp":"2020-05-12T11:09:32.778Z"}
{"level":"info","message":"Logged in successfully.","user_id":null,"user_name":null,"timestamp":"2020-05-12T11:09:47.988Z"}
{"level":"info","message":"Logged in successfully.","user_id":null,"user_name":null,"timestamp":"2020-05-13T04:59:34.447Z"}
{"level":"info","message":"Logged in successfully.","user_id":null,"user_name":null,"timestamp":"2020-05-14T06:00:25.376Z"}
{"level":"info","message":"Logged in successfully.","user_id":null,"user_name":null,"timestamp":"2020-05-14T06:08:30.203Z"}
{"level":"info","message":"Logged in successfully.","user_id":null,"user_name":null,"timestamp":"2020-05-14T06:13:08.324Z"}
{"level":"info","message":"Logged in successfully.","user_id":null,"user_name":null,"timestamp":"2020-05-14T06:41:07.616Z"}
{"level":"info","message":"password is incorrect.","user_id":null,"user_name":null,"timestamp":"2020-05-14T06:42:16.058Z"}
{"level":"info","message":"Logged in successfully.","user_id":null,"user_name":null,"timestamp":"2020-05-14T06:42:19.596Z"}
{"level":"info","message":"Logged in successfully.","user_id":null,"user_name":null,"timestamp":"2020-05-14T06:54:09.571Z"}
{"level":"info","message":"Logged in successfully.","user_id":null,"user_name":null,"timestamp":"2020-05-14T07:21:28.462Z"}
{"level":"info","message":"Logged in successfully.","user_id":null,"user_name":null,"timestamp":"2020-05-14T10:54:45.941Z"}
{"level":"info","message":"Logged in successfully.","user_id":null,"user_name":null,"timestamp":"2020-05-14T13:03:44.405Z"}
{"level":"info","message":"User updated successfully.","user_id":"5e7db1792259230210928e94","user_name":null,"timestamp":"2020-05-14T13:33:14.355Z"}
{"level":"info","message":"Logged in successfully.","user_id":null,"user_name":null,"timestamp":"2020-05-15T05:04:18.671Z"}
{"level":"info","message":"Logged in successfully.","user_id":null,"user_name":null,"timestamp":"2020-05-15T11:18:24.872Z"}
{"level":"info","message":"User updated successfully.","user_id":"5e7db1792259230210928e94","user_name":null,"timestamp":"2020-05-15T11:19:00.126Z"}
{"level":"info","message":"Logged in successfully.","user_id":null,"user_name":null,"timestamp":"2020-05-15T11:19:12.121Z"}
{"level":"info","message":"Logged in successfully.","user_id":null,"user_name":null,"timestamp":"2020-05-15T11:23:37.809Z"}
{"level":"info","message":"User updated successfully.","user_id":"5e7db1792259230210928e94","user_name":null,"timestamp":"2020-05-15T11:26:14.006Z"}
{"level":"info","message":"Logged in successfully.","user_id":null,"user_name":null,"timestamp":"2020-05-15T11:26:28.089Z"}
{"level":"info","message":"Logged in successfully.","user_id":null,"user_name":null,"timestamp":"2020-05-18T04:18:08.379Z"}
{"level":"info","message":"Logged in successfully.","user_id":null,"user_name":null,"timestamp":"2020-05-18T09:16:13.722Z"}
{"level":"info","message":"Logged in successfully.","user_id":null,"user_name":null,"timestamp":"2020-05-19T04:54:39.759Z"}
{"level":"info","message":"Logged in successfully.","user_id":null,"user_name":null,"timestamp":"2020-05-19T11:11:54.944Z"}
{"level":"info","message":"Logged in successfully.","user_id":null,"user_name":null,"timestamp":"2020-05-19T11:15:15.637Z"}
{"level":"info","message":"Logged in successfully.","user_id":null,"user_name":null,"timestamp":"2020-05-19T11:27:36.548Z"}
{"level":"info","message":"User updated successfully.","user_id":"5e7db1792259230210928e94","user_name":null,"timestamp":"2020-05-19T13:16:48.518Z"}
{"level":"info","message":"Logged in successfully.","user_id":null,"user_name":null,"timestamp":"2020-05-19T13:17:09.749Z"}
{"level":"info","message":"Logged in successfully.","user_id":null,"user_name":null,"timestamp":"2020-05-20T04:48:25.314Z"}
{"level":"info","message":"New user registered","user_id":null,"user_name":null,"timestamp":"2020-05-20T06:24:11.193Z"}
{"level":"info","message":"Logged in successfully.","user_id":null,"user_name":null,"timestamp":"2020-05-20T06:24:37.852Z"}
{"level":"info","message":"New user registered","user_id":null,"user_name":null,"timestamp":"2020-05-20T06:39:58.908Z"}
{"level":"info","message":"New user registered","user_id":null,"user_name":null,"timestamp":"2020-05-20T06:40:42.605Z"}
{"level":"info","message":"Logged in successfully.","user_id":null,"user_name":null,"timestamp":"2020-05-20T06:43:55.723Z"}
{"level":"info","message":"password is incorrect.","user_id":"5eb508c67997510ce051b84a","user_name":null,"timestamp":"2020-05-20T06:54:11.643Z"}
{"level":"info","message":"Password changed successfully.","user_id":"5eb508c67997510ce051b84a","user_name":null,"timestamp":"2020-05-20T06:54:34.919Z"}
{"level":"info","message":"Logged in successfully.","user_id":null,"user_name":null,"timestamp":"2020-05-20T09:47:40.487Z"}
{"level":"info","message":"User updated successfully.","user_id":"5e7db1792259230210928e94","user_name":null,"timestamp":"2020-05-20T09:48:43.451Z"}
{"level":"info","message":"Logged in successfully.","user_id":null,"user_name":null,"timestamp":"2020-05-20T10:37:33.339Z"}
{"level":"info","message":"New user registered","user_id":null,"user_name":null,"timestamp":"2020-05-20T12:13:49.471Z"}
{"level":"info","message":"New user registered","user_id":null,"user_name":null,"timestamp":"2020-05-20T12:14:55.690Z"}
{"level":"info","message":"New user registered","user_id":null,"user_name":null,"timestamp":"2020-05-20T12:15:17.947Z"}
{"level":"info","message":"New user registered","user_id":null,"user_name":null,"timestamp":"2020-05-20T12:15:22.027Z"}
{"level":"info","message":"New user registered","user_id":null,"user_name":null,"timestamp":"2020-05-20T12:15:22.792Z"}
{"level":"info","message":"New user registered","user_id":null,"user_name":null,"timestamp":"2020-05-20T12:18:44.453Z"}
{"level":"info","message":"New user registered","user_id":null,"user_name":null,"timestamp":"2020-05-20T12:19:17.197Z"}
{"level":"info","message":"New user registered","user_id":null,"user_name":null,"timestamp":"2020-05-20T12:19:18.773Z"}
{"level":"info","message":"New user registered","user_id":null,"user_name":null,"timestamp":"2020-05-20T12:22:40.557Z"}
{"level":"info","message":"New user registered","user_id":null,"user_name":null,"timestamp":"2020-05-20T12:23:42.497Z"}
{"level":"info","message":"Email already exists.","user_id":null,"user_name":null,"timestamp":"2020-05-20T12:24:01.714Z"}
{"level":"info","message":"New user registered","user_id":null,"user_name":null,"timestamp":"2020-05-20T12:24:27.307Z"}
{"level":"info","message":"Email already exists.","user_id":null,"user_name":null,"timestamp":"2020-05-20T12:24:28.685Z"}
{"level":"info","message":"New user registered","user_id":null,"user_name":null,"timestamp":"2020-05-20T12:25:02.843Z"}
{"level":"info","message":"New user registered","user_id":null,"user_name":null,"timestamp":"2020-05-20T12:25:37.574Z"}
{"level":"info","message":"New user registered","user_id":null,"user_name":null,"timestamp":"2020-05-20T12:26:04.567Z"}
{"level":"info","message":"Logged in successfully.","user_id":null,"user_name":null,"timestamp":"2020-05-20T12:26:26.633Z"}
{"level":"info","message":"Logged in successfully.","user_id":null,"user_name":null,"timestamp":"2020-05-21T04:22:19.644Z"}
{"level":"info","message":"Logged in successfully.","user_id":null,"user_name":null,"timestamp":"2020-05-21T07:46:56.711Z"}
{"level":"info","message":"User updated successfully.","user_id":"5ec5219ee16553379c34a95b","user_name":null,"timestamp":"2020-05-21T07:48:33.697Z"}
{"level":"info","message":"Logged in successfully.","user_id":null,"user_name":null,"timestamp":"2020-05-21T07:48:42.957Z"}
{"level":"info","message":"Logged in successfully.","user_id":null,"user_name":null,"timestamp":"2020-05-21T08:25:21.054Z"}
{"level":"info","message":"User updated successfully.","user_id":"5ec5219ee16553379c34a95b","user_name":null,"timestamp":"2020-05-21T08:25:58.385Z"}
{"level":"info","message":"Logged in successfully.","user_id":null,"user_name":null,"timestamp":"2020-05-21T08:26:11.056Z"}
{"level":"info","message":"User updated successfully.","user_id":"5ec521c1e16553379c34a95c","user_name":null,"timestamp":"2020-05-21T08:26:46.937Z"}
{"level":"info","message":"Logged in successfully.","user_id":null,"user_name":null,"timestamp":"2020-05-21T08:26:57.194Z"}
{"level":"info","message":"User updated successfully.","user_id":"5ec521dce16553379c34a95d","user_name":null,"timestamp":"2020-05-21T08:27:39.738Z"}
{"level":"info","message":"Logged in successfully.","user_id":null,"user_name":null,"timestamp":"2020-05-21T08:27:51.624Z"}
{"level":"info","message":"Logged in successfully.","user_id":null,"user_name":null,"timestamp":"2020-05-21T11:53:49.281Z"}
{"level":"info","message":"Logged in successfully.","user_id":null,"user_name":null,"timestamp":"2020-05-21T13:06:14.460Z"}
{"level":"info","message":"Logged in successfully.","user_id":null,"user_name":null,"timestamp":"2020-05-22T10:10:27.081Z"}
